<?xml version="1.0" encoding="UTF-8"?>
<!-- Generated by org.testng.reporters.JUnitXMLReporter -->
<testsuite ignored="0" hostname="ojas-dl684" failures="2" tests="3" name="Test" time="33.097" errors="0" timestamp="13 Dec 2022 11:18:29 GMT">
  <testcase classname="com.OjasTasks.ParallelTesting" name="writingdatatoexcel" time="14.661"/>
  <testcase classname="com.OjasTasks.Sequence" name="openbrowser" time="0.021">
    <failure type="java.lang.NullPointerException" message="Cannot invoke &amp;quot;org.openqa.selenium.WebDriver.manage()&amp;quot; because &amp;quot;this.driver&amp;quot; is null">
      <![CDATA[java.lang.NullPointerException: Cannot invoke "org.openqa.selenium.WebDriver.manage()" because "this.driver" is null
at com.OjasTasks.Sequence.openbrowser(Sequence.java:15)
... Removed 25 stack frames]]>
    </failure>
  </testcase> <!-- openbrowser -->
  <testcase classname="com.OjasTasks.Sequence" name="secondBrowser" time="0.023">
    <failure type="java.lang.NullPointerException" message="Cannot invoke &amp;quot;org.openqa.selenium.WebDriver.manage()&amp;quot; because &amp;quot;this.driver&amp;quot; is null">
      <![CDATA[java.lang.NullPointerException: Cannot invoke "org.openqa.selenium.WebDriver.manage()" because "this.driver" is null
at com.OjasTasks.Sequence.secondBrowser(Sequence.java:28)
... Removed 25 stack frames]]>
    </failure>
  </testcase> <!-- secondBrowser -->
</testsuite> <!-- Test -->
